<?xml version="1.0" encoding="UTF-8"?>
<!-- Generated by org.testng.reporters.JUnitReportReporter -->
<testsuite hostname="DESKTOP-KUBTV6Q" failures="0" tests="1" name="testngpkg.DragAndDrop" time="6.787" errors="0" timestamp="2023-12-15T17:04:55 IST" skipped="0">
  <testcase classname="testngpkg.DragAndDrop" name="test" time="6.787"/>
  <system-out/>
</testsuite> <!-- testngpkg.DragAndDrop -->
