<?xml version="1.0" encoding="UTF-8"?>
<!-- Generated by org.testng.reporters.JUnitReportReporter -->
<testsuite hostname="DESKTOP-KUBTV6Q" failures="0" tests="1" name="Testpkg.Fbcreatepagetest" time="2.583" errors="0" timestamp="2024-01-03T15:32:53 IST" skipped="0">
  <testcase classname="Testpkg.Fbcreatepagetest" name="test" time="2.583"/>
  <system-out/>
</testsuite> <!-- Testpkg.Fbcreatepagetest -->
