<?xml version="1.0" encoding="UTF-8"?>
<!-- Generated by org.testng.reporters.JUnitReportReporter -->
<testsuite hostname="DESKTOP-KUBTV6Q" failures="0" tests="1" name="testngpkg.Datadriven" time="4.071" errors="0" timestamp="2024-01-09T22:45:16 IST" skipped="0">
  <testcase classname="testngpkg.Datadriven" name="signup" time="4.071"/>
  <system-out/>
</testsuite> <!-- testngpkg.Datadriven -->
