<?xml version="1.0" encoding="UTF-8"?>
<!-- Generated by org.testng.reporters.JUnitReportReporter -->
<testsuite hostname="DESKTOP-KUBTV6Q" failures="0" tests="1" name="Testpkg.Fblogintest" time="0.511" errors="0" timestamp="2024-01-03T15:32:53 IST" skipped="0">
  <testcase classname="Testpkg.Fblogintest" name="testlogin" time="0.511"/>
  <system-out/>
</testsuite> <!-- Testpkg.Fblogintest -->
