<?xml version="1.0" encoding="UTF-8"?>
<!-- Generated by org.testng.reporters.JUnitReportReporter -->
<testsuite hostname="DESKTOP-KUBTV6Q" failures="0" tests="3" name="testngpkg.crossbrowsertesting" time="5.990" errors="0" timestamp="2023-12-15T16:41:24 IST" skipped="0">
  <testcase classname="testngpkg.crossbrowsertesting" name="test" time="2.415"/>
  <system-out/>
  <testcase classname="testngpkg.crossbrowsertesting" name="test" time="1.770"/>
  <system-out/>
  <testcase classname="testngpkg.crossbrowsertesting" name="test" time="1.805"/>
  <system-out/>
</testsuite> <!-- testngpkg.crossbrowsertesting -->
