<?xml version="1.0" encoding="UTF-8"?>
<!-- Generated by org.testng.reporters.JUnitReportReporter -->
<testsuite hostname="DESKTOP-KUBTV6Q" failures="0" tests="1" name="testngpkg.guru99FileUploading" time="0.324" errors="0" timestamp="2023-12-22T16:52:27 IST" skipped="0">
  <testcase classname="testngpkg.guru99FileUploading" name="test" time="0.324"/>
  <system-out/>
</testsuite> <!-- testngpkg.guru99FileUploading -->
