<?xml version="1.0" encoding="UTF-8"?>
<!-- Generated by org.testng.reporters.JUnitReportReporter -->
<testsuite hostname="DESKTOP-KUBTV6Q" failures="0" tests="1" name="testngpkg.amazonWindowHandler" time="22.806" errors="0" timestamp="2023-12-22T15:52:06 IST" skipped="0">
  <testcase classname="testngpkg.amazonWindowHandler" name="test" time="22.806"/>
  <system-out/>
</testsuite> <!-- testngpkg.amazonWindowHandler -->
