<?xml version="1.0" encoding="UTF-8"?>
<!-- Generated by org.testng.reporters.JUnitReportReporter -->
<testsuite hostname="DESKTOP-KUBTV6Q" failures="0" tests="1" name="testngpkg.Datepicker" time="0.660" errors="0" timestamp="2023-12-20T17:21:07 IST" skipped="0">
  <testcase classname="testngpkg.Datepicker" name="DatepickerTest" time="0.660"/>
  <system-out/>
</testsuite> <!-- testngpkg.Datepicker -->
