<?xml version="1.0" encoding="UTF-8"?>
<!-- Generated by org.testng.reporters.JUnitReportReporter -->
<testsuite hostname="DESKTOP-KUBTV6Q" failures="0" tests="1" name="testngpkg.Windowhandler" time="1.346" errors="0" timestamp="2023-12-21T17:05:20 IST" skipped="0">
  <testcase classname="testngpkg.Windowhandler" name="test" time="1.346"/>
  <system-out/>
</testsuite> <!-- testngpkg.Windowhandler -->
