<?xml version="1.0" encoding="UTF-8"?>
<!-- Generated by org.testng.reporters.JUnitReportReporter -->
<testsuite hostname="DESKTOP-KUBTV6Q" failures="0" tests="1" name="testhealth.Logintest" time="1.566" errors="0" timestamp="2024-01-03T21:21:28 IST" skipped="0">
  <testcase classname="testhealth.Logintest" name="testlogin" time="1.566"/>
  <system-out/>
</testsuite> <!-- testhealth.Logintest -->
