<?xml version="1.0" encoding="UTF-8"?>
<!-- Generated by org.testng.reporters.JUnitReportReporter -->
<testsuite hostname="DESKTOP-KUBTV6Q" failures="0" tests="1" name="testngpkg.WebpageAlert" time="0.350" errors="0" timestamp="2023-12-14T17:29:56 IST" skipped="0">
  <testcase classname="testngpkg.WebpageAlert" name="test" time="0.350"/>
  <system-out/>
</testsuite> <!-- testngpkg.WebpageAlert -->
