<?xml version="1.0" encoding="UTF-8"?>
<!-- Generated by org.testng.reporters.JUnitReportReporter -->
<testsuite hostname="DESKTOP-KUBTV6Q" failures="0" tests="2" name="testngpkg.grouping" time="0.010" errors="0" timestamp="2023-12-13T16:19:40 IST" skipped="0">
  <testcase classname="testngpkg.grouping" name="test2" time="0.007"/>
  <system-out/>
  <testcase classname="testngpkg.grouping" name="test1" time="0.003"/>
  <system-out/>
</testsuite> <!-- testngpkg.grouping -->
