<?xml version="1.0" encoding="UTF-8"?>
<!-- Generated by org.testng.reporters.JUnitReportReporter -->
<testsuite hostname="DESKTOP-KUBTV6Q" failures="0" tests="1" name="testngpkg.parameterisation" time="0.015" errors="0" timestamp="2023-12-13T16:45:33 IST" skipped="0">
  <testcase classname="testngpkg.parameterisation" name="main" time="0.015"/>
  <system-out/>
</testsuite> <!-- testngpkg.parameterisation -->
