<?xml version="1.0" encoding="UTF-8"?>
<!-- Generated by org.testng.reporters.JUnitReportReporter -->
<testsuite hostname="DESKTOP-KUBTV6Q" failures="0" tests="5" name="testngpkg.TestngDemo" time="5.011" errors="0" timestamp="2023-12-08T16:54:59 IST" skipped="1">
  <testcase classname="testngpkg.TestngDemo" name="titleVerification" time="0.575"/>
  <system-out/>
  <testcase classname="testngpkg.TestngDemo" name="titleVerification" time="0.610"/>
  <system-out/>
  <testcase classname="testngpkg.TestngDemo" name="titleVerification" time="0.660"/>
  <system-out/>
  <testcase classname="testngpkg.TestngDemo" name="signUp" time="3.166"/>
  <system-out/>
  <testcase classname="testngpkg.TestngDemo" name="linkcount">
    <skipped/>
  </testcase> <!-- linkcount -->
  <system-out/>
</testsuite> <!-- testngpkg.TestngDemo -->
