<?xml version="1.0" encoding="UTF-8"?>
<!-- Generated by org.testng.reporters.JUnitReportReporter -->
<testsuite hostname="DESKTOP-KUBTV6Q" failures="0" tests="1" name="testhealth.healthtest" time="6.822" errors="0" timestamp="2024-01-03T21:21:28 IST" skipped="0">
  <testcase classname="testhealth.healthtest" name="testing" time="6.822"/>
  <system-out/>
</testsuite> <!-- testhealth.healthtest -->
